<?xml version="1.0" encoding="UTF-8"?>
<!-- Generated by org.testng.reporters.JUnitReportReporter -->
<testsuite hostname="DESKTOP-I9EH401" failures="0" tests="1" name="test.firstPageTest" time="0.258" errors="0" timestamp="2022-03-09T20:27:12 IST" skipped="0">
  <testcase classname="test.firstPageTest" name="firstPageTest" time="0.258"/>
  <system-out>
    <![CDATA[Application : REFERENCE-APP
Deployed MicroService URL : http://eureka-server.cloud.pcftest.com/
Test Result: 
Expected Result : Status = UP
Actual Result : Status = UP
Result: Passed]]>
  </system-out>
</testsuite> <!-- test.firstPageTest -->
