<?xml version="1.0" encoding="UTF-8"?>
<!-- Generated by org.testng.reporters.JUnitReportReporter -->
<testsuite hostname="DESKTOP-I9EH401" failures="0" tests="1" name="test.firstPageTest" time="0.108" errors="0" timestamp="2022-03-09T22:35:39 IST" skipped="0">
  <testcase classname="test.firstPageTest" name="firstPageTest" time="0.108"/>
  <system-out>
    <![CDATA[Test Result: 
Expected Result : Status = UP
Actual Result : Status = UP
Result: Passed
Application : REFERENCE-APP
Deployed MicroService URL : http://eureka-server.cloud.pcftest.com/]]>
  </system-out>
</testsuite> <!-- test.firstPageTest -->
